<?xml version="1.0" encoding="UTF-8"?>
<!-- Generated by org.testng.reporters.JUnitReportReporter -->
<testsuite hostname="INBOOK_X1_SLIM" failures="0" tests="1" name="testScripts.Script1" time="19.306" errors="0" timestamp="2023-02-18T17:50:53 IST" skipped="0">
  <testcase classname="testScripts.Script1" name="firstTest" time="19.306"/>
  <system-out/>
</testsuite> <!-- testScripts.Script1 -->
