<?xml version="1.0" encoding="UTF-8"?>
<!-- Generated by org.testng.reporters.JUnitReportReporter -->
<testsuite hostname="INBOOK_X1_SLIM" failures="0" tests="1" name="testScripts.Script3" time="97.068" errors="0" timestamp="2023-02-21T09:22:30 IST" skipped="0">
  <testcase classname="testScripts.Script3" name="thirdTest" time="97.068"/>
  <system-out/>
</testsuite> <!-- testScripts.Script3 -->
