<?xml version="1.0" encoding="UTF-8"?>
<!-- Generated by org.testng.reporters.JUnitReportReporter -->
<testsuite hostname="INBOOK_X1_SLIM" failures="0" tests="1" name="testScripts.Script4" time="17.492" errors="0" timestamp="2023-07-05T22:20:18 IST" skipped="0">
  <testcase classname="testScripts.Script4" name="forthTest" time="17.492"/>
  <system-out/>
</testsuite> <!-- testScripts.Script4 -->
