<?xml version="1.0" encoding="UTF-8"?>
<!-- Generated by org.testng.reporters.JUnitReportReporter -->
<testsuite hostname="INBOOK_X1_SLIM" failures="0" tests="1" name="testScripts.Script3" time="174.687" errors="0" timestamp="2023-02-21T22:04:46 IST" skipped="0">
  <testcase classname="testScripts.Script3" name="thirdTest" time="174.687"/>
  <system-out/>
</testsuite> <!-- testScripts.Script3 -->
