<?xml version="1.0" encoding="UTF-8"?>
<!-- Generated by org.testng.reporters.JUnitReportReporter -->
<testsuite hostname="INBOOK_X1_SLIM" failures="0" tests="1" name="testScripts.Script1" time="12.125" errors="0" timestamp="2023-07-05T22:08:49 IST" skipped="0">
  <testcase classname="testScripts.Script1" name="firstTest" time="12.125"/>
  <system-out/>
</testsuite> <!-- testScripts.Script1 -->
