<?xml version="1.0" encoding="UTF-8"?>
<!-- Generated by org.testng.reporters.JUnitReportReporter -->
<testsuite hostname="INBOOK_X1_SLIM" failures="0" tests="1" name="testScripts.Script2" time="14.596" errors="0" timestamp="2023-07-05T22:09:46 IST" skipped="0">
  <testcase classname="testScripts.Script2" name="secondTest" time="14.596"/>
  <system-out/>
</testsuite> <!-- testScripts.Script2 -->
