<?xml version="1.0" encoding="UTF-8"?>
<!-- Generated by org.testng.reporters.JUnitReportReporter -->
<testsuite hostname="INBOOK_X1_SLIM" failures="0" tests="1" name="testScripts.Script2" time="12.490" errors="0" timestamp="2023-02-18T17:50:53 IST" skipped="0">
  <testcase classname="testScripts.Script2" name="secondTest" time="12.490"/>
  <system-out/>
</testsuite> <!-- testScripts.Script2 -->
